# JRE version: OpenJDK Runtime Environment Temurin-17.0.2+8 (17.0.2+8) (build 17.0.2+8)
# Java VM: OpenJDK 64-Bit Server VM Temurin-17.0.2+8 (17.0.2+8, mixed mode, sharing, tiered, compressed oops, compressed class ptrs, g1 gc, windows-amd64)
GC Precious Log:
 CPUs: 4 total, 4 available
 Memory: 8060M
 Large Page Support: Disabled
 NUMA Support: Disabled
 Compressed Oops: Enabled (32-bit)
 Heap Region Size: 1M
 Heap Min Capacity: 8M
 Heap Initial Capacity: 126M
 Heap Max Capacity: 2016M
 Pre-touch: Disabled
 Parallel Workers: 4
 Concurrent Workers: 1
 Concurrent Refinement Workers: 4
 Periodic GC: Disabled
Heap:
 garbage-first heap   total 155648K, used 42516K [0x0000000082000000, 0x0000000100000000)
  region size 1024K, 24 young (24576K), 8 survivors (8192K)
 Metaspace       used 18244K, committed 18432K, reserved 1073152K
  class space    used 2248K, committed 2368K, reserved 1048576K
GC Heap History (10 events):
Event: 0.261 GC heap before
{Heap before GC invocations=0 (full 0):
 garbage-first heap   total 129024K, used 13312K [0x0000000082000000, 0x0000000100000000)
  region size 1024K, 13 young (13312K), 0 survivors (0K)
 Metaspace       used 2313K, committed 2496K, reserved 1056768K
  class space    used 211K, committed 320K, reserved 1048576K
}
Event: 0.265 GC heap after
{Heap after GC invocations=1 (full 0):
 garbage-first heap   total 129024K, used 4652K [0x0000000082000000, 0x0000000100000000)
  region size 1024K, 2 young (2048K), 2 survivors (2048K)
 Metaspace       used 2313K, committed 2496K, reserved 1056768K
  class space    used 211K, committed 320K, reserved 1048576K
}
Event: 0.403 GC heap before
{Heap before GC invocations=1 (full 0):
 garbage-first heap   total 129024K, used 15916K [0x0000000082000000, 0x0000000100000000)
  region size 1024K, 14 young (14336K), 2 survivors (2048K)
 Metaspace       used 3511K, committed 3712K, reserved 1056768K
  class space    used 355K, committed 448K, reserved 1048576K
}
Event: 0.407 GC heap after
{Heap after GC invocations=2 (full 0):
 garbage-first heap   total 129024K, used 9387K [0x0000000082000000, 0x0000000100000000)
  region size 1024K, 2 young (2048K), 2 survivors (2048K)
 Metaspace       used 3511K, committed 3712K, reserved 1056768K
  class space    used 355K, committed 448K, reserved 1048576K
}
Event: 0.665 GC heap before
{Heap before GC invocations=2 (full 0):
 garbage-first heap   total 129024K, used 32939K [0x0000000082000000, 0x0000000100000000)
  region size 1024K, 22 young (22528K), 2 survivors (2048K)
 Metaspace       used 5917K, committed 6080K, reserved 1056768K
  class space    used 704K, committed 768K, reserved 1048576K
}
Event: 0.670 GC heap after
{Heap after GC invocations=3 (full 0):
 garbage-first heap   total 129024K, used 17561K [0x0000000082000000, 0x0000000100000000)
  region size 1024K, 3 young (3072K), 3 survivors (3072K)
 Metaspace       used 5917K, committed 6080K, reserved 1056768K
  class space    used 704K, committed 768K, reserved 1048576K
}
Event: 1.295 GC heap before
{Heap before GC invocations=3 (full 0):
 garbage-first heap   total 129024K, used 61593K [0x0000000082000000, 0x0000000100000000)
  region size 1024K, 47 young (48128K), 3 survivors (3072K)
 Metaspace       used 12854K, committed 12992K, reserved 1064960K
  class space    used 1666K, committed 1728K, reserved 1048576K
}
Event: 1.303 GC heap after
{Heap after GC invocations=4 (full 0):
 garbage-first heap   total 129024K, used 23077K [0x0000000082000000, 0x0000000100000000)
  region size 1024K, 6 young (6144K), 6 survivors (6144K)
 Metaspace       used 12854K, committed 12992K, reserved 1064960K
  class space    used 1666K, committed 1728K, reserved 1048576K
}
Event: 2.308 GC heap before
{Heap before GC invocations=4 (full 0):
 garbage-first heap   total 129024K, used 88613K [0x0000000082000000, 0x0000000100000000)
  region size 1024K, 70 young (71680K), 6 survivors (6144K)
 Metaspace       used 17313K, committed 17600K, reserved 1064960K
  class space    used 2153K, committed 2304K, reserved 1048576K
}
Event: 2.319 GC heap after
{Heap after GC invocations=5 (full 0):
 garbage-first heap   total 155648K, used 27156K [0x0000000082000000, 0x0000000100000000)
  region size 1024K, 8 young (8192K), 8 survivors (8192K)
 Metaspace       used 17313K, committed 17600K, reserved 1064960K
  class space    used 2153K, committed 2304K, reserved 1048576K
}

